src-tauri/plugins/gnome-mobile/android/build/intermediates/manifest_merge_blame_file/debug/processDebugManifest/manifest-merger-blame-debug-report.txt
1<?xml version="1.0" encoding="utf-8"?>
2<manifest xmlns:android="http://schemas.android.com/apk/res/android"
3    package="com.weirmoon.gnomemobile" >
4
5    <uses-sdk android:minSdkVersion="26" />
6
7    <uses-permission android:name="android.permission.INTERNET" />
7-->src\main\AndroidManifest.xml:2:5-67
7-->src\main\AndroidManifest.xml:2:22-64
8
9    <queries>
9-->src\main\AndroidManifest.xml:3:5-100
10        <intent>
10-->src\main\AndroidManifest.xml:3:14-90
11            <action android:name="android.intent.action.TTS_SERVICE" />
11-->src\main\AndroidManifest.xml:3:22-81
11-->src\main\AndroidManifest.xml:3:30-78
12        </intent>
13    </queries>
14
15    <application android:allowBackup="false" />
15-->src\main\AndroidManifest.xml:4:5-48
15-->src\main\AndroidManifest.xml:4:18-45
16
17</manifest>